<?xml version="1.0" encoding="UTF-8"?>
<testng-results skipped="0" failed="0" total="1" passed="1">
  <reporter-output>
  </reporter-output>
  <suite name="Suite" duration-ms="15" started-at="2016-08-24T14:51:27Z" finished-at="2016-08-24T14:51:27Z">
    <groups>
    </groups>
    <test name="Test" duration-ms="15" started-at="2016-08-24T14:51:27Z" finished-at="2016-08-24T14:51:27Z">
      <class name="selnium.TestSelenim">
        <test-method status="PASS" signature="testingmethod()[pri:0, instance:selnium.TestSelenim@fffee0dd]" name="testingmethod" duration-ms="8" started-at="2016-08-24T14:51:27Z" finished-at="2016-08-24T14:51:27Z">
        </test-method>
      </class>
    </test>
  </suite>
</testng-results>
