<?xml version="1.0" encoding="UTF-8"?>
<testng-results skipped="0" failed="0" total="1" passed="1">
  <reporter-output>
  </reporter-output>
  <suite name="Suite" duration-ms="55" started-at="2016-08-17T14:41:51Z" finished-at="2016-08-17T14:41:51Z">
    <groups>
    </groups>
    <test name="Test" duration-ms="55" started-at="2016-08-17T14:41:51Z" finished-at="2016-08-17T14:41:51Z">
      <class name="selnium.TestSelenim">
        <test-method status="PASS" signature="testingmethod()[pri:0, instance:selnium.TestSelenim@fffee490]" name="testingmethod" duration-ms="11" started-at="2016-08-17T20:11:51Z" finished-at="2016-08-17T20:11:51Z">
          <reporter-output>
          </reporter-output>
        </test-method> <!-- testingmethod -->
      </class> <!-- selnium.TestSelenim -->
    </test> <!-- Test -->
  </suite> <!-- Suite -->
</testng-results>
